# JRE version: Java(TM) SE Runtime Environment (8.0_291-b10) (build 1.8.0_291-b10)
# Java VM: Java HotSpot(TM) 64-Bit Server VM (25.291-b10 mixed mode windows-amd64 compressed oops)
Heap:
 PSYoungGen      total 133632K, used 114772K [0x00000000f5580000, 0x00000000ffd80000, 0x0000000100000000)
  eden space 96256K, 100% used [0x00000000f5580000,0x00000000fb380000,0x00000000fb380000)
  from space 37376K, 49% used [0x00000000fd900000,0x00000000feb15028,0x00000000ffd80000)
  to   space 37888K, 0% used [0x00000000fb380000,0x00000000fb380000,0x00000000fd880000)
 ParOldGen       total 349696K, used 318386K [0x00000000e0000000, 0x00000000f5580000, 0x00000000f5580000)
  object space 349696K, 91% used [0x00000000e0000000,0x00000000f36ec900,0x00000000f5580000)
 Metaspace       used 130216K, capacity 138426K, committed 138904K, reserved 1169408K
  class space    used 16981K, capacity 18596K, committed 18840K, reserved 1048576K
GC Heap History (10 events):
Event: 437.112 GC heap after
Heap after GC invocations=185 (full 7):
 PSYoungGen      total 128000K, used 29286K [0x00000000f5580000, 0x0000000100000000, 0x0000000100000000)
  eden space 86528K, 0% used [0x00000000f5580000,0x00000000f5580000,0x00000000faa00000)
  from space 41472K, 70% used [0x00000000fd780000,0x00000000ff419a88,0x0000000100000000)
  to   space 44032K, 0% used [0x00000000faa00000,0x00000000faa00000,0x00000000fd500000)
 ParOldGen       total 349696K, used 259799K [0x00000000e0000000, 0x00000000f5580000, 0x00000000f5580000)
  object space 349696K, 74% used [0x00000000e0000000,0x00000000efdb5eb0,0x00000000f5580000)
 Metaspace       used 129791K, capacity 138022K, committed 138520K, reserved 1169408K
  class space    used 16931K, capacity 18544K, committed 18712K, reserved 1048576K
}
Event: 437.443 GC heap before
{Heap before GC invocations=186 (full 7):
 PSYoungGen      total 128000K, used 115814K [0x00000000f5580000, 0x0000000100000000, 0x0000000100000000)
  eden space 86528K, 100% used [0x00000000f5580000,0x00000000faa00000,0x00000000faa00000)
  from space 41472K, 70% used [0x00000000fd780000,0x00000000ff419a88,0x0000000100000000)
  to   space 44032K, 0% used [0x00000000faa00000,0x00000000faa00000,0x00000000fd500000)
 ParOldGen       total 349696K, used 259799K [0x00000000e0000000, 0x00000000f5580000, 0x00000000f5580000)
  object space 349696K, 74% used [0x00000000e0000000,0x00000000efdb5eb0,0x00000000f5580000)
 Metaspace       used 129851K, capacity 138028K, committed 138520K, reserved 1169408K
  class space    used 16935K, capacity 18545K, committed 18712K, reserved 1048576K
Event: 437.501 GC heap after
Heap after GC invocations=186 (full 7):
 PSYoungGen      total 130560K, used 15865K [0x00000000f5580000, 0x00000000ffd80000, 0x0000000100000000)
  eden space 86528K, 0% used [0x00000000f5580000,0x00000000f5580000,0x00000000faa00000)
  from space 44032K, 36% used [0x00000000faa00000,0x00000000fb97e570,0x00000000fd500000)
  to   space 41472K, 0% used [0x00000000fd500000,0x00000000fd500000,0x00000000ffd80000)
 ParOldGen       total 349696K, used 286710K [0x00000000e0000000, 0x00000000f5580000, 0x00000000f5580000)
  object space 349696K, 81% used [0x00000000e0000000,0x00000000f17fd8b8,0x00000000f5580000)
 Metaspace       used 129851K, capacity 138028K, committed 138520K, reserved 1169408K
  class space    used 16935K, capacity 18545K, committed 18712K, reserved 1048576K
}
Event: 437.879 GC heap before
{Heap before GC invocations=187 (full 7):
 PSYoungGen      total 130560K, used 102393K [0x00000000f5580000, 0x00000000ffd80000, 0x0000000100000000)
  eden space 86528K, 100% used [0x00000000f5580000,0x00000000faa00000,0x00000000faa00000)
  from space 44032K, 36% used [0x00000000faa00000,0x00000000fb97e570,0x00000000fd500000)
  to   space 41472K, 0% used [0x00000000fd500000,0x00000000fd500000,0x00000000ffd80000)
 ParOldGen       total 349696K, used 286710K [0x00000000e0000000, 0x00000000f5580000, 0x00000000f5580000)
  object space 349696K, 81% used [0x00000000e0000000,0x00000000f17fd8b8,0x00000000f5580000)
 Metaspace       used 129995K, capacity 138176K, committed 138520K, reserved 1169408K
  class space    used 16951K, capacity 18549K, committed 18712K, reserved 1048576K
Event: 437.960 GC heap after
Heap after GC invocations=187 (full 7):
 PSYoungGen      total 127488K, used 9091K [0x00000000f5580000, 0x00000000ffa80000, 0x0000000100000000)
  eden space 89088K, 0% used [0x00000000f5580000,0x00000000f5580000,0x00000000fac80000)
  from space 38400K, 23% used [0x00000000fd500000,0x00000000fdde0eb8,0x00000000ffa80000)
  to   space 39936K, 0% used [0x00000000fac80000,0x00000000fac80000,0x00000000fd380000)
 ParOldGen       total 349696K, used 300592K [0x00000000e0000000, 0x00000000f5580000, 0x00000000f5580000)
  object space 349696K, 85% used [0x00000000e0000000,0x00000000f258c380,0x00000000f5580000)
 Metaspace       used 129995K, capacity 138176K, committed 138520K, reserved 1169408K
  class space    used 16951K, capacity 18549K, committed 18712K, reserved 1048576K
}
Event: 438.596 GC heap before
{Heap before GC invocations=188 (full 7):
 PSYoungGen      total 127488K, used 98179K [0x00000000f5580000, 0x00000000ffa80000, 0x0000000100000000)
  eden space 89088K, 100% used [0x00000000f5580000,0x00000000fac80000,0x00000000fac80000)
  from space 38400K, 23% used [0x00000000fd500000,0x00000000fdde0eb8,0x00000000ffa80000)
  to   space 39936K, 0% used [0x00000000fac80000,0x00000000fac80000,0x00000000fd380000)
 ParOldGen       total 349696K, used 300592K [0x00000000e0000000, 0x00000000f5580000, 0x00000000f5580000)
  object space 349696K, 85% used [0x00000000e0000000,0x00000000f258c380,0x00000000f5580000)
 Metaspace       used 130184K, capacity 138356K, committed 138904K, reserved 1169408K
  class space    used 16978K, capacity 18595K, committed 18840K, reserved 1048576K
Event: 438.626 GC heap after
Heap after GC invocations=188 (full 7):
 PSYoungGen      total 129024K, used 9401K [0x00000000f5580000, 0x00000000ffe80000, 0x0000000100000000)
  eden space 89088K, 0% used [0x00000000f5580000,0x00000000f5580000,0x00000000fac80000)
  from space 39936K, 23% used [0x00000000fac80000,0x00000000fb5ae678,0x00000000fd380000)
  to   space 38400K, 0% used [0x00000000fd900000,0x00000000fd900000,0x00000000ffe80000)
 ParOldGen       total 349696K, used 308506K [0x00000000e0000000, 0x00000000f5580000, 0x00000000f5580000)
  object space 349696K, 88% used [0x00000000e0000000,0x00000000f2d46990,0x00000000f5580000)
 Metaspace       used 130184K, capacity 138356K, committed 138904K, reserved 1169408K
  class space    used 16978K, capacity 18595K, committed 18840K, reserved 1048576K
}
Event: 439.109 GC heap before
{Heap before GC invocations=189 (full 7):
 PSYoungGen      total 129024K, used 98094K [0x00000000f5580000, 0x00000000ffe80000, 0x0000000100000000)
  eden space 89088K, 99% used [0x00000000f5580000,0x00000000fac1d4a0,0x00000000fac80000)
  from space 39936K, 23% used [0x00000000fac80000,0x00000000fb5ae678,0x00000000fd380000)
  to   space 38400K, 0% used [0x00000000fd900000,0x00000000fd900000,0x00000000ffe80000)
 ParOldGen       total 349696K, used 308506K [0x00000000e0000000, 0x00000000f5580000, 0x00000000f5580000)
  object space 349696K, 88% used [0x00000000e0000000,0x00000000f2d46990,0x00000000f5580000)
 Metaspace       used 130209K, capacity 138426K, committed 138904K, reserved 1169408K
  class space    used 16981K, capacity 18596K, committed 18840K, reserved 1048576K
Event: 439.155 GC heap after
Heap after GC invocations=189 (full 7):
 PSYoungGen      total 133632K, used 18516K [0x00000000f5580000, 0x00000000ffd80000, 0x0000000100000000)
  eden space 96256K, 0% used [0x00000000f5580000,0x00000000f5580000,0x00000000fb380000)
  from space 37376K, 49% used [0x00000000fd900000,0x00000000feb15028,0x00000000ffd80000)
  to   space 37888K, 0% used [0x00000000fb380000,0x00000000fb380000,0x00000000fd880000)
 ParOldGen       total 349696K, used 315872K [0x00000000e0000000, 0x00000000f5580000, 0x00000000f5580000)
  object space 349696K, 90% used [0x00000000e0000000,0x00000000f34781f0,0x00000000f5580000)
 Metaspace       used 130209K, capacity 138426K, committed 138904K, reserved 1169408K
  class space    used 16981K, capacity 18596K, committed 18840K, reserved 1048576K
}
Event: 439.757 GC heap before
{Heap before GC invocations=190 (full 8):
 PSYoungGen      total 133632K, used 114772K [0x00000000f5580000, 0x00000000ffd80000, 0x0000000100000000)
  eden space 96256K, 100% used [0x00000000f5580000,0x00000000fb380000,0x00000000fb380000)
  from space 37376K, 49% used [0x00000000fd900000,0x00000000feb15028,0x00000000ffd80000)
  to   space 37888K, 0% used [0x00000000fb380000,0x00000000fb380000,0x00000000fd880000)
 ParOldGen       total 349696K, used 318386K [0x00000000e0000000, 0x00000000f5580000, 0x00000000f5580000)
  object space 349696K, 91% used [0x00000000e0000000,0x00000000f36ec900,0x00000000f5580000)
 Metaspace       used 130216K, capacity 138426K, committed 138904K, reserved 1169408K
  class space    used 16981K, capacity 18596K, committed 18840K, reserved 1048576K

